app/build/outputs/logs/manifest-merger-debug-report.txt
-- Merging decision tree log ---
manifest
ADDED from src/main/AndroidManifest.xml:2:1-54:12
	package
		ADDED from src/main/AndroidManifest.xml:3:5-33
		INJECTED from src/main/AndroidManifest.xml
		INJECTED from src/main/AndroidManifest.xml
	android:versionName
		ADDED from src/main/AndroidManifest.xml:5:5-35
		INJECTED from src/main/AndroidManifest.xml
		INJECTED from src/main/AndroidManifest.xml
	android:versionCode
		ADDED from src/main/AndroidManifest.xml:4:5-28
		INJECTED from src/main/AndroidManifest.xml
		INJECTED from src/main/AndroidManifest.xml
	xmlns:android
		ADDED from src/main/AndroidManifest.xml:2:11-69
uses-sdk
ADDED from src/main/AndroidManifest.xml:7:5-43
	android:targetSdkVersion
		INJECTED from src/main/AndroidManifest.xml
		INJECTED from src/main/AndroidManifest.xml
	android:minSdkVersion
		ADDED from src/main/AndroidManifest.xml:7:15-40
		INJECTED from src/main/AndroidManifest.xml
		INJECTED from src/main/AndroidManifest.xml
uses-permission#android.permission.INTERNET
ADDED from src/main/AndroidManifest.xml:8:5-66
	android:name
		ADDED from src/main/AndroidManifest.xml:8:22-64
application
ADDED from src/main/AndroidManifest.xml:10:5-52:19
	android:label
		ADDED from src/main/AndroidManifest.xml:10:48-80
	android:icon
		ADDED from src/main/AndroidManifest.xml:10:18-47
receiver#com.kelly.activity.TodayDate
ADDED from src/main/AndroidManifest.xml:11:9-16:20
	android:label
		ADDED from src/main/AndroidManifest.xml:11:19-51
	android:name
		ADDED from src/main/AndroidManifest.xml:11:52-77
intent-filter#android.appwidget.action.APPWIDGET_UPDATE
ADDED from src/main/AndroidManifest.xml:12:13-14:29
action#android.appwidget.action.APPWIDGET_UPDATE
ADDED from src/main/AndroidManifest.xml:13:17-91
	android:name
		ADDED from src/main/AndroidManifest.xml:13:25-81
meta-data#android.appwidget.provider
ADDED from src/main/AndroidManifest.xml:15:13-109
	android:resource
		ADDED from src/main/AndroidManifest.xml:15:66-96
	android:name
		ADDED from src/main/AndroidManifest.xml:15:24-65
receiver#com.kelly.activity.TodayDateSmall
ADDED from src/main/AndroidManifest.xml:17:9-22:20
	android:label
		ADDED from src/main/AndroidManifest.xml:17:19-57
	android:name
		ADDED from src/main/AndroidManifest.xml:17:58-88
activity#com.kelly.activity.Main
ADDED from src/main/AndroidManifest.xml:23:9-30:20
	android:screenOrientation
		ADDED from src/main/AndroidManifest.xml:24:19-55
	android:label
		ADDED from src/main/AndroidManifest.xml:23:19-51
	android:theme
		ADDED from src/main/AndroidManifest.xml:25:19-66
	android:name
		ADDED from src/main/AndroidManifest.xml:23:52-72
intent-filter#android.intent.action.MAIN+android.intent.category.LAUNCHER
ADDED from src/main/AndroidManifest.xml:26:13-29:29
action#android.intent.action.MAIN
ADDED from src/main/AndroidManifest.xml:27:17-76
	android:name
		ADDED from src/main/AndroidManifest.xml:27:25-66
category#android.intent.category.LAUNCHER
ADDED from src/main/AndroidManifest.xml:28:17-86
	android:name
		ADDED from src/main/AndroidManifest.xml:28:27-74
activity#com.kelly.activity.TodayDateRemind
ADDED from src/main/AndroidManifest.xml:31:9-132
	android:screenOrientation
		ADDED from src/main/AndroidManifest.xml:31:84-120
	android:label
		ADDED from src/main/AndroidManifest.xml:31:19-51
	android:name
		ADDED from src/main/AndroidManifest.xml:31:52-83
activity#com.kelly.activity.RemindInsert
ADDED from src/main/AndroidManifest.xml:32:9-33:78
	android:screenOrientation
		ADDED from src/main/AndroidManifest.xml:32:81-117
	android:label
		ADDED from src/main/AndroidManifest.xml:32:19-51
	android:theme
		ADDED from src/main/AndroidManifest.xml:33:19-66
	android:name
		ADDED from src/main/AndroidManifest.xml:32:52-80
activity#com.kelly.activity.RemindEdit
ADDED from src/main/AndroidManifest.xml:34:9-35:78
	android:screenOrientation
		ADDED from src/main/AndroidManifest.xml:34:79-115
	android:label
		ADDED from src/main/AndroidManifest.xml:34:19-51
	android:theme
		ADDED from src/main/AndroidManifest.xml:35:19-66
	android:name
		ADDED from src/main/AndroidManifest.xml:34:52-78
activity#com.kelly.activity.TodayDateSchedule
ADDED from src/main/AndroidManifest.xml:36:9-134
	android:screenOrientation
		ADDED from src/main/AndroidManifest.xml:36:86-122
	android:label
		ADDED from src/main/AndroidManifest.xml:36:19-51
	android:name
		ADDED from src/main/AndroidManifest.xml:36:52-85
activity#com.kelly.activity.ScheduleInsert
ADDED from src/main/AndroidManifest.xml:37:9-38:78
	android:screenOrientation
		ADDED from src/main/AndroidManifest.xml:37:83-119
	android:label
		ADDED from src/main/AndroidManifest.xml:37:19-51
	android:theme
		ADDED from src/main/AndroidManifest.xml:38:19-66
	android:name
		ADDED from src/main/AndroidManifest.xml:37:52-82
activity#com.kelly.activity.ScheduleShow
ADDED from src/main/AndroidManifest.xml:39:9-40:78
	android:screenOrientation
		ADDED from src/main/AndroidManifest.xml:39:81-117
	android:label
		ADDED from src/main/AndroidManifest.xml:39:19-51
	android:theme
		ADDED from src/main/AndroidManifest.xml:40:19-66
	android:name
		ADDED from src/main/AndroidManifest.xml:39:52-80
activity#com.kelly.activity.TodayDateSetting
ADDED from src/main/AndroidManifest.xml:42:9-132
	android:screenOrientation
		ADDED from src/main/AndroidManifest.xml:42:84-120
	android:label
		ADDED from src/main/AndroidManifest.xml:42:19-51
	android:name
		ADDED from src/main/AndroidManifest.xml:42:52-83
activity#com.kelly.activity.TodayDateAbout
ADDED from src/main/AndroidManifest.xml:43:9-131
	android:screenOrientation
		ADDED from src/main/AndroidManifest.xml:43:83-119
	android:label
		ADDED from src/main/AndroidManifest.xml:43:19-51
	android:name
		ADDED from src/main/AndroidManifest.xml:43:52-82
activity#com.kelly.activity.TodayDateLogin
ADDED from src/main/AndroidManifest.xml:44:9-47:20
	android:screenOrientation
		ADDED from src/main/AndroidManifest.xml:44:84-120
	android:label
		ADDED from src/main/AndroidManifest.xml:44:19-51
	android:theme
		ADDED from src/main/AndroidManifest.xml:45:19-77
	android:name
		ADDED from src/main/AndroidManifest.xml:44:52-82
activity#net.youmi.android.AdActivity
ADDED from src/main/AndroidManifest.xml:48:9-134
	android:configChanges
		ADDED from src/main/AndroidManifest.xml:48:19-78
	android:name
		ADDED from src/main/AndroidManifest.xml:48:79-122